[2025-10-05 05:32:51,489][__main__][INFO] - Initializing pipeline
[2025-10-05 05:32:51,490][counterfactuals.pipelines.nodes.helper_nodes][INFO] - Setting model paths
[2025-10-05 05:32:51,492][counterfactuals.pipelines.nodes.helper_nodes][INFO] - Creatied output folder C:\Users\julia\VSCode\hackyeah2025\machine_learning\models\DataModule
[2025-10-05 05:32:51,493][counterfactuals.pipelines.nodes.helper_nodes][INFO] - Created save folder C:\Users\julia\VSCode\hackyeah2025\machine_learning\models\DataModule\PPCEF
[2025-10-05 05:32:51,494][counterfactuals.pipelines.nodes.helper_nodes][INFO] - Disc model path: C:\Users\julia\VSCode\hackyeah2025\machine_learning\models\DataModule\disc_model_MLPClassifier.pt
[2025-10-05 05:32:51,495][counterfactuals.pipelines.nodes.helper_nodes][INFO] - Gen model path: C:\Users\julia\VSCode\hackyeah2025\machine_learning\models\DataModule\gen_model_EmeryturaModel_relabeled_by_MLPClassifier.pt
[2025-10-05 05:32:51,496][__main__][INFO] - Loading dataset
[2025-10-05 05:32:51,631][counterfactuals.pipelines.nodes.helper_nodes][INFO] - Setting model paths
[2025-10-05 05:32:51,634][counterfactuals.pipelines.nodes.helper_nodes][INFO] - Creatied output folder C:\Users\julia\VSCode\hackyeah2025\machine_learning\models\DataModule\fold_0
[2025-10-05 05:32:51,635][counterfactuals.pipelines.nodes.helper_nodes][INFO] - Created save folder C:\Users\julia\VSCode\hackyeah2025\machine_learning\models\DataModule\PPCEF\fold_0
[2025-10-05 05:32:51,636][counterfactuals.pipelines.nodes.helper_nodes][INFO] - Disc model path: C:\Users\julia\VSCode\hackyeah2025\machine_learning\models\DataModule\fold_0\disc_model_MLPClassifier.pt
[2025-10-05 05:32:51,637][counterfactuals.pipelines.nodes.helper_nodes][INFO] - Gen model path: C:\Users\julia\VSCode\hackyeah2025\machine_learning\models\DataModule\fold_0\gen_model_EmeryturaModel_relabeled_by_MLPClassifier.pt
[2025-10-05 05:32:51,637][counterfactuals.pipelines.nodes.disc_model_nodes][INFO] - Creating discriminator model
[2025-10-05 05:32:52,101][counterfactuals.pipelines.nodes.disc_model_nodes][INFO] - Loading discriminator model (PyTorch Lightning)
[2025-10-05 05:32:53,604][counterfactuals.pipelines.nodes.disc_model_nodes][INFO] - Evaluating discriminator model
[2025-10-05 05:32:53,678][counterfactuals.pipelines.nodes.disc_model_nodes][INFO] - Discriminator model evaluation results:
 {'0': {'precision': 0.21052631578947367, 'recall': 1.0, 'f1-score': 0.34782608695652173, 'support': 4.0}, '1': {'precision': 1.0, 'recall': 0.34782608695652173, 'f1-score': 0.5161290322580645, 'support': 23.0}, 'accuracy': 0.4444444444444444, 'macro avg': {'precision': 0.6052631578947368, 'recall': 0.6739130434782609, 'f1-score': 0.4319775596072931, 'support': 27.0}, 'weighted avg': {'precision': 0.8830409356725146, 'recall': 0.4444444444444444, 'f1-score': 0.49119526258376184, 'support': 27.0}}
[2025-10-05 05:32:53,754][counterfactuals.pipelines.nodes.gen_model_nodes][INFO] - Creating generative model
[2025-10-05 05:32:53,812][counterfactuals.pipelines.nodes.gen_model_nodes][INFO] - Loading generative model (PyTorch Lightning)
[2025-10-05 05:32:53,814][counterfactuals.pipelines.nodes.gen_model_nodes][INFO] - Evaluating generative model
[2025-10-05 05:32:53,816][counterfactuals.pipelines.nodes.gen_model_nodes][INFO] - Evaluating generative model
[2025-10-05 05:32:53,877][counterfactuals.pipelines.nodes.gen_model_nodes][INFO] - Generative model evaluation results:
 train_ll: 0.0000, test_ll: 0.0000
[2025-10-05 05:32:53,915][__main__][INFO] - Filtering out target class data for counterfactual generation
[2025-10-05 05:32:53,916][__main__][INFO] - Creating counterfactual model
[2025-10-05 05:32:53,924][__main__][INFO] - Calculating log_prob_threshold
[2025-10-05 05:32:54,980][__main__][INFO] - log_prob_threshold: -28.6132
[2025-10-05 05:32:54,981][__main__][INFO] - Handling counterfactual generation
