[2025-10-05 04:38:42,027][__main__][INFO] - Initializing pipeline
[2025-10-05 04:38:42,028][counterfactuals.pipelines.nodes.helper_nodes][INFO] - Setting model paths
[2025-10-05 04:38:42,029][counterfactuals.pipelines.nodes.helper_nodes][INFO] - Creatied output folder C:\Users\julia\VSCode\hackyeah2025\machine_learning\models\DataModule
[2025-10-05 04:38:42,031][counterfactuals.pipelines.nodes.helper_nodes][INFO] - Created save folder C:\Users\julia\VSCode\hackyeah2025\machine_learning\models\DataModule\PPCEF
[2025-10-05 04:38:42,032][counterfactuals.pipelines.nodes.helper_nodes][INFO] - Disc model path: C:\Users\julia\VSCode\hackyeah2025\machine_learning\models\DataModule\disc_model_MLPClassifier.pt
[2025-10-05 04:38:42,034][counterfactuals.pipelines.nodes.helper_nodes][INFO] - Gen model path: C:\Users\julia\VSCode\hackyeah2025\machine_learning\models\DataModule\gen_model_EmeryturaModel_relabeled_by_MLPClassifier.pt
[2025-10-05 04:38:42,038][__main__][INFO] - Loading dataset
[2025-10-05 04:38:42,198][counterfactuals.pipelines.nodes.helper_nodes][INFO] - Setting model paths
[2025-10-05 04:38:42,201][counterfactuals.pipelines.nodes.helper_nodes][INFO] - Creatied output folder C:\Users\julia\VSCode\hackyeah2025\machine_learning\models\DataModule\fold_0
[2025-10-05 04:38:42,203][counterfactuals.pipelines.nodes.helper_nodes][INFO] - Created save folder C:\Users\julia\VSCode\hackyeah2025\machine_learning\models\DataModule\PPCEF\fold_0
[2025-10-05 04:38:42,204][counterfactuals.pipelines.nodes.helper_nodes][INFO] - Disc model path: C:\Users\julia\VSCode\hackyeah2025\machine_learning\models\DataModule\fold_0\disc_model_MLPClassifier.pt
[2025-10-05 04:38:42,205][counterfactuals.pipelines.nodes.helper_nodes][INFO] - Gen model path: C:\Users\julia\VSCode\hackyeah2025\machine_learning\models\DataModule\fold_0\gen_model_EmeryturaModel_relabeled_by_MLPClassifier.pt
[2025-10-05 04:38:42,205][counterfactuals.pipelines.nodes.disc_model_nodes][INFO] - Creating discriminator model
[2025-10-05 04:38:42,676][counterfactuals.pipelines.nodes.disc_model_nodes][INFO] - Loading discriminator model (PyTorch Lightning)
[2025-10-05 04:38:44,171][counterfactuals.pipelines.nodes.disc_model_nodes][INFO] - Evaluating discriminator model
[2025-10-05 04:38:44,251][counterfactuals.pipelines.nodes.disc_model_nodes][INFO] - Discriminator model evaluation results:
 {'0': {'precision': 0.2222222222222222, 'recall': 1.0, 'f1-score': 0.36363636363636365, 'support': 6.0}, '1': {'precision': 0.0, 'recall': 0.0, 'f1-score': 0.0, 'support': 21.0}, 'accuracy': 0.2222222222222222, 'macro avg': {'precision': 0.1111111111111111, 'recall': 0.5, 'f1-score': 0.18181818181818182, 'support': 27.0}, 'weighted avg': {'precision': 0.04938271604938271, 'recall': 0.2222222222222222, 'f1-score': 0.0808080808080808, 'support': 27.0}}
[2025-10-05 04:38:44,336][counterfactuals.pipelines.nodes.gen_model_nodes][INFO] - Creating generative model
[2025-10-05 04:38:44,399][counterfactuals.pipelines.nodes.gen_model_nodes][INFO] - Loading generative model (PyTorch Lightning)
[2025-10-05 04:38:44,400][counterfactuals.pipelines.nodes.gen_model_nodes][INFO] - Evaluating generative model
