[2025-10-05 06:57:41,996][__main__][INFO] - Initializing pipeline
[2025-10-05 06:57:41,997][counterfactuals.pipelines.nodes.helper_nodes][INFO] - Setting model paths
[2025-10-05 06:57:42,000][counterfactuals.pipelines.nodes.helper_nodes][INFO] - Creatied output folder C:\Users\julia\VSCode\hackyeah2025\machine_learning\models\DataModule
[2025-10-05 06:57:42,002][counterfactuals.pipelines.nodes.helper_nodes][INFO] - Created save folder C:\Users\julia\VSCode\hackyeah2025\machine_learning\models\DataModule\PPCEF
[2025-10-05 06:57:42,002][counterfactuals.pipelines.nodes.helper_nodes][INFO] - Disc model path: C:\Users\julia\VSCode\hackyeah2025\machine_learning\models\DataModule\disc_model_MLPClassifier.pt
[2025-10-05 06:57:42,004][counterfactuals.pipelines.nodes.helper_nodes][INFO] - Gen model path: C:\Users\julia\VSCode\hackyeah2025\machine_learning\models\DataModule\gen_model_EmeryturaModel_relabeled_by_MLPClassifier.pt
[2025-10-05 06:57:42,006][__main__][INFO] - Loading dataset
[2025-10-05 06:57:42,242][counterfactuals.pipelines.nodes.helper_nodes][INFO] - Setting model paths
[2025-10-05 06:57:42,246][counterfactuals.pipelines.nodes.helper_nodes][INFO] - Creatied output folder C:\Users\julia\VSCode\hackyeah2025\machine_learning\models\DataModule\fold_0
[2025-10-05 06:57:42,248][counterfactuals.pipelines.nodes.helper_nodes][INFO] - Created save folder C:\Users\julia\VSCode\hackyeah2025\machine_learning\models\DataModule\PPCEF\fold_0
[2025-10-05 06:57:42,249][counterfactuals.pipelines.nodes.helper_nodes][INFO] - Disc model path: C:\Users\julia\VSCode\hackyeah2025\machine_learning\models\DataModule\fold_0\disc_model_MLPClassifier.pt
[2025-10-05 06:57:42,249][counterfactuals.pipelines.nodes.helper_nodes][INFO] - Gen model path: C:\Users\julia\VSCode\hackyeah2025\machine_learning\models\DataModule\fold_0\gen_model_EmeryturaModel_relabeled_by_MLPClassifier.pt
[2025-10-05 06:57:42,249][counterfactuals.pipelines.nodes.disc_model_nodes][INFO] - Creating discriminator model
[2025-10-05 06:57:42,661][counterfactuals.pipelines.nodes.disc_model_nodes][INFO] - Loading discriminator model (PyTorch Lightning)
[2025-10-05 06:57:44,194][counterfactuals.pipelines.nodes.disc_model_nodes][INFO] - Evaluating discriminator model
[2025-10-05 06:57:44,340][counterfactuals.pipelines.nodes.disc_model_nodes][INFO] - Discriminator model evaluation results:
 {'0': {'precision': 1.0, 'recall': 0.43525, 'f1-score': 0.6065145445044418, 'support': 4000.0}, '1': {'precision': 0.0, 'recall': 0.0, 'f1-score': 0.0, 'support': 0.0}, 'accuracy': 0.43525, 'macro avg': {'precision': 0.5, 'recall': 0.217625, 'f1-score': 0.3032572722522209, 'support': 4000.0}, 'weighted avg': {'precision': 1.0, 'recall': 0.43525, 'f1-score': 0.6065145445044418, 'support': 4000.0}}
[2025-10-05 06:57:44,500][counterfactuals.pipelines.nodes.gen_model_nodes][INFO] - Creating generative model
[2025-10-05 06:57:44,567][counterfactuals.pipelines.nodes.gen_model_nodes][INFO] - Loading generative model (PyTorch Lightning)
[2025-10-05 06:57:44,568][counterfactuals.pipelines.nodes.gen_model_nodes][INFO] - Evaluating generative model
[2025-10-05 06:57:44,571][counterfactuals.pipelines.nodes.gen_model_nodes][INFO] - Evaluating generative model
[2025-10-05 06:57:50,521][counterfactuals.pipelines.nodes.gen_model_nodes][INFO] - Generative model evaluation results:
 train_ll: 0.0000, test_ll: 0.0000
[2025-10-05 06:57:54,835][__main__][INFO] - Filtering out target class data for counterfactual generation
[2025-10-05 06:57:54,836][__main__][INFO] - Creating counterfactual model
[2025-10-05 06:57:54,846][__main__][INFO] - Calculating log_prob_threshold
[2025-10-05 07:00:23,349][__main__][INFO] - log_prob_threshold: -29.1176
[2025-10-05 07:00:23,350][__main__][INFO] - Handling counterfactual generation
