[2025-10-05 05:44:12,274][__main__][INFO] - Initializing pipeline
[2025-10-05 05:44:12,276][counterfactuals.pipelines.nodes.helper_nodes][INFO] - Setting model paths
[2025-10-05 05:44:12,279][counterfactuals.pipelines.nodes.helper_nodes][INFO] - Creatied output folder C:\Users\julia\VSCode\hackyeah2025\machine_learning\models\DataModule
[2025-10-05 05:44:12,283][counterfactuals.pipelines.nodes.helper_nodes][INFO] - Created save folder C:\Users\julia\VSCode\hackyeah2025\machine_learning\models\DataModule\PPCEF
[2025-10-05 05:44:12,283][counterfactuals.pipelines.nodes.helper_nodes][INFO] - Disc model path: C:\Users\julia\VSCode\hackyeah2025\machine_learning\models\DataModule\disc_model_MLPClassifier.pt
[2025-10-05 05:44:12,284][counterfactuals.pipelines.nodes.helper_nodes][INFO] - Gen model path: C:\Users\julia\VSCode\hackyeah2025\machine_learning\models\DataModule\gen_model_EmeryturaModel_relabeled_by_MLPClassifier.pt
[2025-10-05 05:44:12,285][__main__][INFO] - Loading dataset
[2025-10-05 05:44:12,443][counterfactuals.pipelines.nodes.helper_nodes][INFO] - Setting model paths
[2025-10-05 05:44:12,445][counterfactuals.pipelines.nodes.helper_nodes][INFO] - Creatied output folder C:\Users\julia\VSCode\hackyeah2025\machine_learning\models\DataModule\fold_0
[2025-10-05 05:44:12,447][counterfactuals.pipelines.nodes.helper_nodes][INFO] - Created save folder C:\Users\julia\VSCode\hackyeah2025\machine_learning\models\DataModule\PPCEF\fold_0
[2025-10-05 05:44:12,448][counterfactuals.pipelines.nodes.helper_nodes][INFO] - Disc model path: C:\Users\julia\VSCode\hackyeah2025\machine_learning\models\DataModule\fold_0\disc_model_MLPClassifier.pt
[2025-10-05 05:44:12,448][counterfactuals.pipelines.nodes.helper_nodes][INFO] - Gen model path: C:\Users\julia\VSCode\hackyeah2025\machine_learning\models\DataModule\fold_0\gen_model_EmeryturaModel_relabeled_by_MLPClassifier.pt
[2025-10-05 05:44:12,449][counterfactuals.pipelines.nodes.disc_model_nodes][INFO] - Creating discriminator model
[2025-10-05 05:44:12,729][counterfactuals.pipelines.nodes.disc_model_nodes][INFO] - Loading discriminator model (PyTorch Lightning)
[2025-10-05 05:44:14,236][counterfactuals.pipelines.nodes.disc_model_nodes][INFO] - Evaluating discriminator model
[2025-10-05 05:44:14,319][counterfactuals.pipelines.nodes.disc_model_nodes][INFO] - Discriminator model evaluation results:
 {'0': {'precision': 0.0, 'recall': 0.0, 'f1-score': 0.0, 'support': 0.0}, '1': {'precision': 1.0, 'recall': 0.37037037037037035, 'f1-score': 0.5405405405405406, 'support': 27.0}, 'accuracy': 0.37037037037037035, 'macro avg': {'precision': 0.5, 'recall': 0.18518518518518517, 'f1-score': 0.2702702702702703, 'support': 27.0}, 'weighted avg': {'precision': 1.0, 'recall': 0.37037037037037035, 'f1-score': 0.5405405405405406, 'support': 27.0}}
[2025-10-05 05:44:14,401][counterfactuals.pipelines.nodes.gen_model_nodes][INFO] - Creating generative model
[2025-10-05 05:44:14,468][counterfactuals.pipelines.nodes.gen_model_nodes][INFO] - Loading generative model (PyTorch Lightning)
[2025-10-05 05:44:14,469][counterfactuals.pipelines.nodes.gen_model_nodes][INFO] - Evaluating generative model
[2025-10-05 05:44:14,471][counterfactuals.pipelines.nodes.gen_model_nodes][INFO] - Evaluating generative model
[2025-10-05 05:44:14,519][counterfactuals.pipelines.nodes.gen_model_nodes][INFO] - Generative model evaluation results:
 train_ll: 0.0000, test_ll: 0.0000
[2025-10-05 05:44:14,563][__main__][INFO] - Filtering out target class data for counterfactual generation
[2025-10-05 05:44:14,564][__main__][INFO] - Creating counterfactual model
[2025-10-05 05:44:14,573][__main__][INFO] - Calculating log_prob_threshold
[2025-10-05 05:44:15,511][__main__][INFO] - log_prob_threshold: -28.6132
[2025-10-05 05:44:15,512][__main__][INFO] - Handling counterfactual generation
