[2025-10-05 05:30:25,001][__main__][INFO] - Initializing pipeline
[2025-10-05 05:30:25,003][counterfactuals.pipelines.nodes.helper_nodes][INFO] - Setting model paths
[2025-10-05 05:30:25,005][counterfactuals.pipelines.nodes.helper_nodes][INFO] - Creatied output folder C:\Users\julia\VSCode\hackyeah2025\machine_learning\models\DataModule
[2025-10-05 05:30:25,007][counterfactuals.pipelines.nodes.helper_nodes][INFO] - Created save folder C:\Users\julia\VSCode\hackyeah2025\machine_learning\models\DataModule\PPCEF
[2025-10-05 05:30:25,008][counterfactuals.pipelines.nodes.helper_nodes][INFO] - Disc model path: C:\Users\julia\VSCode\hackyeah2025\machine_learning\models\DataModule\disc_model_MLPClassifier.pt
[2025-10-05 05:30:25,009][counterfactuals.pipelines.nodes.helper_nodes][INFO] - Gen model path: C:\Users\julia\VSCode\hackyeah2025\machine_learning\models\DataModule\gen_model_EmeryturaModel_relabeled_by_MLPClassifier.pt
[2025-10-05 05:30:25,010][__main__][INFO] - Loading dataset
[2025-10-05 05:30:25,156][counterfactuals.pipelines.nodes.helper_nodes][INFO] - Setting model paths
[2025-10-05 05:30:25,159][counterfactuals.pipelines.nodes.helper_nodes][INFO] - Creatied output folder C:\Users\julia\VSCode\hackyeah2025\machine_learning\models\DataModule\fold_0
[2025-10-05 05:30:25,162][counterfactuals.pipelines.nodes.helper_nodes][INFO] - Created save folder C:\Users\julia\VSCode\hackyeah2025\machine_learning\models\DataModule\PPCEF\fold_0
[2025-10-05 05:30:25,163][counterfactuals.pipelines.nodes.helper_nodes][INFO] - Disc model path: C:\Users\julia\VSCode\hackyeah2025\machine_learning\models\DataModule\fold_0\disc_model_MLPClassifier.pt
[2025-10-05 05:30:25,164][counterfactuals.pipelines.nodes.helper_nodes][INFO] - Gen model path: C:\Users\julia\VSCode\hackyeah2025\machine_learning\models\DataModule\fold_0\gen_model_EmeryturaModel_relabeled_by_MLPClassifier.pt
[2025-10-05 05:30:25,165][counterfactuals.pipelines.nodes.disc_model_nodes][INFO] - Creating discriminator model
[2025-10-05 05:30:25,542][counterfactuals.pipelines.nodes.disc_model_nodes][INFO] - Loading discriminator model (PyTorch Lightning)
[2025-10-05 05:30:26,979][counterfactuals.pipelines.nodes.disc_model_nodes][INFO] - Evaluating discriminator model
[2025-10-05 05:30:27,070][counterfactuals.pipelines.nodes.disc_model_nodes][INFO] - Discriminator model evaluation results:
 {'0': {'precision': 0.0, 'recall': 0.0, 'f1-score': 0.0, 'support': 0.0}, '1': {'precision': 1.0, 'recall': 0.3333333333333333, 'f1-score': 0.5, 'support': 27.0}, 'accuracy': 0.3333333333333333, 'macro avg': {'precision': 0.5, 'recall': 0.16666666666666666, 'f1-score': 0.25, 'support': 27.0}, 'weighted avg': {'precision': 1.0, 'recall': 0.3333333333333333, 'f1-score': 0.5, 'support': 27.0}}
[2025-10-05 05:30:27,156][counterfactuals.pipelines.nodes.gen_model_nodes][INFO] - Creating generative model
[2025-10-05 05:30:27,219][counterfactuals.pipelines.nodes.gen_model_nodes][INFO] - Loading generative model (PyTorch Lightning)
[2025-10-05 05:30:27,220][counterfactuals.pipelines.nodes.gen_model_nodes][INFO] - Evaluating generative model
[2025-10-05 05:30:27,221][counterfactuals.pipelines.nodes.gen_model_nodes][INFO] - Evaluating generative model
[2025-10-05 05:30:27,270][counterfactuals.pipelines.nodes.gen_model_nodes][INFO] - Generative model evaluation results:
 train_ll: 0.0000, test_ll: 0.0000
[2025-10-05 05:30:27,308][__main__][INFO] - Filtering out target class data for counterfactual generation
[2025-10-05 05:30:27,309][__main__][INFO] - Creating counterfactual model
[2025-10-05 05:30:27,316][__main__][INFO] - Calculating log_prob_threshold
