[2025-10-05 09:16:45,230][__main__][INFO] - Initializing pipeline
[2025-10-05 09:16:45,231][counterfactuals.pipelines.nodes.helper_nodes][INFO] - Setting model paths
[2025-10-05 09:16:45,234][counterfactuals.pipelines.nodes.helper_nodes][INFO] - Creatied output folder C:\Users\julia\VSCode\hackyeah2025\machine_learning\models\DataModule
[2025-10-05 09:16:45,236][counterfactuals.pipelines.nodes.helper_nodes][INFO] - Created save folder C:\Users\julia\VSCode\hackyeah2025\machine_learning\models\DataModule\PPCEF
[2025-10-05 09:16:45,237][counterfactuals.pipelines.nodes.helper_nodes][INFO] - Disc model path: C:\Users\julia\VSCode\hackyeah2025\machine_learning\models\DataModule\disc_model_MLPClassifier.pt
[2025-10-05 09:16:45,237][counterfactuals.pipelines.nodes.helper_nodes][INFO] - Gen model path: C:\Users\julia\VSCode\hackyeah2025\machine_learning\models\DataModule\gen_model_EmeryturaModel_relabeled_by_MLPClassifier.pt
[2025-10-05 09:16:45,238][__main__][INFO] - Loading dataset
[2025-10-05 09:16:45,772][counterfactuals.pipelines.nodes.helper_nodes][INFO] - Setting model paths
[2025-10-05 09:16:45,774][counterfactuals.pipelines.nodes.helper_nodes][INFO] - Creatied output folder C:\Users\julia\VSCode\hackyeah2025\machine_learning\models\DataModule\fold_0
[2025-10-05 09:16:45,776][counterfactuals.pipelines.nodes.helper_nodes][INFO] - Created save folder C:\Users\julia\VSCode\hackyeah2025\machine_learning\models\DataModule\PPCEF\fold_0
[2025-10-05 09:16:45,779][counterfactuals.pipelines.nodes.helper_nodes][INFO] - Disc model path: C:\Users\julia\VSCode\hackyeah2025\machine_learning\models\DataModule\fold_0\disc_model_MLPClassifier.pt
[2025-10-05 09:16:45,780][counterfactuals.pipelines.nodes.helper_nodes][INFO] - Gen model path: C:\Users\julia\VSCode\hackyeah2025\machine_learning\models\DataModule\fold_0\gen_model_EmeryturaModel_relabeled_by_MLPClassifier.pt
[2025-10-05 09:16:45,781][counterfactuals.pipelines.nodes.disc_model_nodes][INFO] - Creating discriminator model
[2025-10-05 09:16:45,863][counterfactuals.pipelines.nodes.disc_model_nodes][INFO] - Loading discriminator model (PyTorch Lightning)
[2025-10-05 09:16:47,400][counterfactuals.pipelines.nodes.disc_model_nodes][INFO] - Evaluating discriminator model
[2025-10-05 09:16:47,479][counterfactuals.pipelines.nodes.disc_model_nodes][INFO] - Discriminator model evaluation results:
 {'0': {'precision': 0.8888888888888888, 'recall': 0.8888888888888888, 'f1-score': 0.8888888888888888, 'support': 9.0}, '1': {'precision': 0.9090909090909091, 'recall': 0.9090909090909091, 'f1-score': 0.9090909090909091, 'support': 11.0}, 'accuracy': 0.9, 'macro avg': {'precision': 0.898989898989899, 'recall': 0.898989898989899, 'f1-score': 0.898989898989899, 'support': 20.0}, 'weighted avg': {'precision': 0.9, 'recall': 0.9, 'f1-score': 0.9, 'support': 20.0}}
[2025-10-05 09:16:47,549][counterfactuals.pipelines.nodes.gen_model_nodes][INFO] - Creating generative model
[2025-10-05 09:16:47,611][counterfactuals.pipelines.nodes.gen_model_nodes][INFO] - Loading generative model (PyTorch Lightning)
[2025-10-05 09:16:47,611][counterfactuals.pipelines.nodes.gen_model_nodes][INFO] - Evaluating generative model
[2025-10-05 09:16:47,613][counterfactuals.pipelines.nodes.gen_model_nodes][INFO] - Evaluating generative model
[2025-10-05 09:16:47,645][counterfactuals.pipelines.nodes.gen_model_nodes][INFO] - Generative model evaluation results:
 train_ll: 0.0000, test_ll: 0.0000
