[2025-10-05 09:20:45,511][__main__][INFO] - Initializing pipeline
[2025-10-05 09:20:45,513][counterfactuals.pipelines.nodes.helper_nodes][INFO] - Setting model paths
[2025-10-05 09:20:45,516][counterfactuals.pipelines.nodes.helper_nodes][INFO] - Creatied output folder C:\Users\julia\VSCode\hackyeah2025\machine_learning\models\DataModule
[2025-10-05 09:20:45,519][counterfactuals.pipelines.nodes.helper_nodes][INFO] - Created save folder C:\Users\julia\VSCode\hackyeah2025\machine_learning\models\DataModule\PPCEF
[2025-10-05 09:20:45,520][counterfactuals.pipelines.nodes.helper_nodes][INFO] - Disc model path: C:\Users\julia\VSCode\hackyeah2025\machine_learning\models\DataModule\disc_model_MLPClassifier.pt
[2025-10-05 09:20:45,521][counterfactuals.pipelines.nodes.helper_nodes][INFO] - Gen model path: C:\Users\julia\VSCode\hackyeah2025\machine_learning\models\DataModule\gen_model_EmeryturaModel_relabeled_by_MLPClassifier.pt
[2025-10-05 09:20:45,521][__main__][INFO] - Loading dataset
[2025-10-05 09:20:46,045][counterfactuals.pipelines.nodes.helper_nodes][INFO] - Setting model paths
[2025-10-05 09:20:46,050][counterfactuals.pipelines.nodes.helper_nodes][INFO] - Creatied output folder C:\Users\julia\VSCode\hackyeah2025\machine_learning\models\DataModule\fold_0
[2025-10-05 09:20:46,052][counterfactuals.pipelines.nodes.helper_nodes][INFO] - Created save folder C:\Users\julia\VSCode\hackyeah2025\machine_learning\models\DataModule\PPCEF\fold_0
[2025-10-05 09:20:46,053][counterfactuals.pipelines.nodes.helper_nodes][INFO] - Disc model path: C:\Users\julia\VSCode\hackyeah2025\machine_learning\models\DataModule\fold_0\disc_model_MLPClassifier.pt
[2025-10-05 09:20:46,054][counterfactuals.pipelines.nodes.helper_nodes][INFO] - Gen model path: C:\Users\julia\VSCode\hackyeah2025\machine_learning\models\DataModule\fold_0\gen_model_EmeryturaModel_relabeled_by_MLPClassifier.pt
[2025-10-05 09:20:46,055][counterfactuals.pipelines.nodes.disc_model_nodes][INFO] - Creating discriminator model
[2025-10-05 09:20:46,140][counterfactuals.pipelines.nodes.disc_model_nodes][INFO] - Loading discriminator model (PyTorch Lightning)
[2025-10-05 09:20:47,620][counterfactuals.pipelines.nodes.disc_model_nodes][INFO] - Evaluating discriminator model
[2025-10-05 09:20:47,687][counterfactuals.pipelines.nodes.disc_model_nodes][INFO] - Discriminator model evaluation results:
 {'0': {'precision': 0.8888888888888888, 'recall': 0.8888888888888888, 'f1-score': 0.8888888888888888, 'support': 9.0}, '1': {'precision': 0.9090909090909091, 'recall': 0.9090909090909091, 'f1-score': 0.9090909090909091, 'support': 11.0}, 'accuracy': 0.9, 'macro avg': {'precision': 0.898989898989899, 'recall': 0.898989898989899, 'f1-score': 0.898989898989899, 'support': 20.0}, 'weighted avg': {'precision': 0.9, 'recall': 0.9, 'f1-score': 0.9, 'support': 20.0}}
[2025-10-05 09:20:47,767][counterfactuals.pipelines.nodes.gen_model_nodes][INFO] - Creating generative model
[2025-10-05 09:20:47,821][counterfactuals.pipelines.nodes.gen_model_nodes][INFO] - Loading generative model (PyTorch Lightning)
[2025-10-05 09:20:47,822][counterfactuals.pipelines.nodes.gen_model_nodes][INFO] - Evaluating generative model
[2025-10-05 09:20:47,824][counterfactuals.pipelines.nodes.gen_model_nodes][INFO] - Evaluating generative model
[2025-10-05 09:20:47,855][counterfactuals.pipelines.nodes.gen_model_nodes][INFO] - Generative model evaluation results:
 train_ll: 0.0000, test_ll: 0.0000
