[2025-10-05 07:17:08,073][__main__][INFO] - Initializing pipeline
[2025-10-05 07:17:08,074][counterfactuals.pipelines.nodes.helper_nodes][INFO] - Setting model paths
[2025-10-05 07:17:08,077][counterfactuals.pipelines.nodes.helper_nodes][INFO] - Creatied output folder C:\Users\julia\VSCode\hackyeah2025\machine_learning\models\DataModule
[2025-10-05 07:17:08,079][counterfactuals.pipelines.nodes.helper_nodes][INFO] - Created save folder C:\Users\julia\VSCode\hackyeah2025\machine_learning\models\DataModule\PPCEF
[2025-10-05 07:17:08,079][counterfactuals.pipelines.nodes.helper_nodes][INFO] - Disc model path: C:\Users\julia\VSCode\hackyeah2025\machine_learning\models\DataModule\disc_model_MLPClassifier.pt
[2025-10-05 07:17:08,080][counterfactuals.pipelines.nodes.helper_nodes][INFO] - Gen model path: C:\Users\julia\VSCode\hackyeah2025\machine_learning\models\DataModule\gen_model_EmeryturaModel_relabeled_by_MLPClassifier.pt
[2025-10-05 07:17:08,080][__main__][INFO] - Loading dataset
[2025-10-05 07:17:08,250][counterfactuals.pipelines.nodes.helper_nodes][INFO] - Setting model paths
[2025-10-05 07:17:08,253][counterfactuals.pipelines.nodes.helper_nodes][INFO] - Creatied output folder C:\Users\julia\VSCode\hackyeah2025\machine_learning\models\DataModule\fold_0
[2025-10-05 07:17:08,255][counterfactuals.pipelines.nodes.helper_nodes][INFO] - Created save folder C:\Users\julia\VSCode\hackyeah2025\machine_learning\models\DataModule\PPCEF\fold_0
[2025-10-05 07:17:08,256][counterfactuals.pipelines.nodes.helper_nodes][INFO] - Disc model path: C:\Users\julia\VSCode\hackyeah2025\machine_learning\models\DataModule\fold_0\disc_model_MLPClassifier.pt
[2025-10-05 07:17:08,257][counterfactuals.pipelines.nodes.helper_nodes][INFO] - Gen model path: C:\Users\julia\VSCode\hackyeah2025\machine_learning\models\DataModule\fold_0\gen_model_EmeryturaModel_relabeled_by_MLPClassifier.pt
[2025-10-05 07:17:08,258][counterfactuals.pipelines.nodes.disc_model_nodes][INFO] - Creating discriminator model
[2025-10-05 07:17:08,298][counterfactuals.pipelines.nodes.disc_model_nodes][INFO] - Loading discriminator model (PyTorch Lightning)
[2025-10-05 07:17:10,157][counterfactuals.pipelines.nodes.disc_model_nodes][INFO] - Evaluating discriminator model
[2025-10-05 07:17:10,241][counterfactuals.pipelines.nodes.disc_model_nodes][INFO] - Discriminator model evaluation results:
 {'0': {'precision': 1.0, 'recall': 0.6, 'f1-score': 0.75, 'support': 20.0}, '1': {'precision': 0.0, 'recall': 0.0, 'f1-score': 0.0, 'support': 0.0}, 'accuracy': 0.6, 'macro avg': {'precision': 0.5, 'recall': 0.3, 'f1-score': 0.375, 'support': 20.0}, 'weighted avg': {'precision': 1.0, 'recall': 0.6, 'f1-score': 0.75, 'support': 20.0}}
[2025-10-05 07:17:10,318][counterfactuals.pipelines.nodes.gen_model_nodes][INFO] - Creating generative model
[2025-10-05 07:17:10,371][counterfactuals.pipelines.nodes.gen_model_nodes][INFO] - Loading generative model (PyTorch Lightning)
[2025-10-05 07:17:10,372][counterfactuals.pipelines.nodes.gen_model_nodes][INFO] - Evaluating generative model
[2025-10-05 07:17:10,374][counterfactuals.pipelines.nodes.gen_model_nodes][INFO] - Evaluating generative model
[2025-10-05 07:17:10,410][counterfactuals.pipelines.nodes.gen_model_nodes][INFO] - Generative model evaluation results:
 train_ll: 0.0000, test_ll: 0.0000
[2025-10-05 07:17:10,444][__main__][INFO] - Filtering out target class data for counterfactual generation
[2025-10-05 07:17:10,444][__main__][INFO] - Creating counterfactual model
[2025-10-05 07:17:10,455][__main__][INFO] - Calculating log_prob_threshold
[2025-10-05 07:17:11,172][__main__][INFO] - log_prob_threshold: -29.4410
[2025-10-05 07:17:11,174][__main__][INFO] - Handling counterfactual generation
