[2025-10-05 04:34:57,964][__main__][INFO] - Initializing pipeline
[2025-10-05 04:34:57,965][counterfactuals.pipelines.nodes.helper_nodes][INFO] - Setting model paths
[2025-10-05 04:34:57,967][counterfactuals.pipelines.nodes.helper_nodes][INFO] - Creatied output folder C:\Users\julia\VSCode\hackyeah2025\machine_learning\models\DataModule
[2025-10-05 04:34:57,969][counterfactuals.pipelines.nodes.helper_nodes][INFO] - Created save folder C:\Users\julia\VSCode\hackyeah2025\machine_learning\models\DataModule\PPCEF
[2025-10-05 04:34:57,970][counterfactuals.pipelines.nodes.helper_nodes][INFO] - Disc model path: C:\Users\julia\VSCode\hackyeah2025\machine_learning\models\DataModule\disc_model_MLPClassifier.pt
[2025-10-05 04:34:57,972][counterfactuals.pipelines.nodes.helper_nodes][INFO] - Gen model path: C:\Users\julia\VSCode\hackyeah2025\machine_learning\models\DataModule\gen_model_EmeryturaModel_relabeled_by_MLPClassifier.pt
[2025-10-05 04:34:57,973][__main__][INFO] - Loading dataset
[2025-10-05 04:34:58,126][counterfactuals.pipelines.nodes.helper_nodes][INFO] - Setting model paths
[2025-10-05 04:34:58,129][counterfactuals.pipelines.nodes.helper_nodes][INFO] - Creatied output folder C:\Users\julia\VSCode\hackyeah2025\machine_learning\models\DataModule\fold_0
[2025-10-05 04:34:58,130][counterfactuals.pipelines.nodes.helper_nodes][INFO] - Created save folder C:\Users\julia\VSCode\hackyeah2025\machine_learning\models\DataModule\PPCEF\fold_0
[2025-10-05 04:34:58,131][counterfactuals.pipelines.nodes.helper_nodes][INFO] - Disc model path: C:\Users\julia\VSCode\hackyeah2025\machine_learning\models\DataModule\fold_0\disc_model_MLPClassifier.pt
[2025-10-05 04:34:58,132][counterfactuals.pipelines.nodes.helper_nodes][INFO] - Gen model path: C:\Users\julia\VSCode\hackyeah2025\machine_learning\models\DataModule\fold_0\gen_model_EmeryturaModel_relabeled_by_MLPClassifier.pt
[2025-10-05 04:34:58,133][counterfactuals.pipelines.nodes.disc_model_nodes][INFO] - Creating discriminator model
[2025-10-05 04:34:58,509][counterfactuals.pipelines.nodes.disc_model_nodes][INFO] - Loading discriminator model (PyTorch Lightning)
[2025-10-05 04:34:59,981][counterfactuals.pipelines.nodes.disc_model_nodes][INFO] - Evaluating discriminator model
[2025-10-05 04:35:00,070][counterfactuals.pipelines.nodes.disc_model_nodes][INFO] - Discriminator model evaluation results:
 {'0': {'precision': 0.07407407407407407, 'recall': 1.0, 'f1-score': 0.13793103448275862, 'support': 2.0}, '1': {'precision': 0.0, 'recall': 0.0, 'f1-score': 0.0, 'support': 25.0}, 'accuracy': 0.07407407407407407, 'macro avg': {'precision': 0.037037037037037035, 'recall': 0.5, 'f1-score': 0.06896551724137931, 'support': 27.0}, 'weighted avg': {'precision': 0.0054869684499314125, 'recall': 0.07407407407407407, 'f1-score': 0.010217113665389528, 'support': 27.0}}
[2025-10-05 04:35:00,155][counterfactuals.pipelines.nodes.gen_model_nodes][INFO] - Creating generative model
[2025-10-05 04:35:00,218][counterfactuals.pipelines.nodes.gen_model_nodes][INFO] - Loading generative model (PyTorch Lightning)
[2025-10-05 04:35:00,219][counterfactuals.pipelines.nodes.gen_model_nodes][INFO] - Evaluating generative model
