[2025-10-05 05:08:35,926][__main__][INFO] - Initializing pipeline
[2025-10-05 05:08:35,928][counterfactuals.pipelines.nodes.helper_nodes][INFO] - Setting model paths
[2025-10-05 05:08:35,930][counterfactuals.pipelines.nodes.helper_nodes][INFO] - Creatied output folder C:\Users\julia\VSCode\hackyeah2025\machine_learning\models\DataModule
[2025-10-05 05:08:35,932][counterfactuals.pipelines.nodes.helper_nodes][INFO] - Created save folder C:\Users\julia\VSCode\hackyeah2025\machine_learning\models\DataModule\PPCEF
[2025-10-05 05:08:35,933][counterfactuals.pipelines.nodes.helper_nodes][INFO] - Disc model path: C:\Users\julia\VSCode\hackyeah2025\machine_learning\models\DataModule\disc_model_MLPClassifier.pt
[2025-10-05 05:08:35,936][counterfactuals.pipelines.nodes.helper_nodes][INFO] - Gen model path: C:\Users\julia\VSCode\hackyeah2025\machine_learning\models\DataModule\gen_model_EmeryturaModel_relabeled_by_MLPClassifier.pt
[2025-10-05 05:08:35,937][__main__][INFO] - Loading dataset
[2025-10-05 05:08:36,080][counterfactuals.pipelines.nodes.helper_nodes][INFO] - Setting model paths
[2025-10-05 05:08:36,082][counterfactuals.pipelines.nodes.helper_nodes][INFO] - Creatied output folder C:\Users\julia\VSCode\hackyeah2025\machine_learning\models\DataModule\fold_0
[2025-10-05 05:08:36,084][counterfactuals.pipelines.nodes.helper_nodes][INFO] - Created save folder C:\Users\julia\VSCode\hackyeah2025\machine_learning\models\DataModule\PPCEF\fold_0
[2025-10-05 05:08:36,085][counterfactuals.pipelines.nodes.helper_nodes][INFO] - Disc model path: C:\Users\julia\VSCode\hackyeah2025\machine_learning\models\DataModule\fold_0\disc_model_MLPClassifier.pt
[2025-10-05 05:08:36,086][counterfactuals.pipelines.nodes.helper_nodes][INFO] - Gen model path: C:\Users\julia\VSCode\hackyeah2025\machine_learning\models\DataModule\fold_0\gen_model_EmeryturaModel_relabeled_by_MLPClassifier.pt
[2025-10-05 05:08:36,086][counterfactuals.pipelines.nodes.disc_model_nodes][INFO] - Creating discriminator model
[2025-10-05 05:08:36,493][counterfactuals.pipelines.nodes.disc_model_nodes][INFO] - Loading discriminator model (PyTorch Lightning)
[2025-10-05 05:08:37,908][counterfactuals.pipelines.nodes.disc_model_nodes][INFO] - Evaluating discriminator model
[2025-10-05 05:08:37,983][counterfactuals.pipelines.nodes.disc_model_nodes][INFO] - Discriminator model evaluation results:
 {'0': {'precision': 0.8947368421052632, 'recall': 0.8095238095238095, 'f1-score': 0.85, 'support': 21.0}, '1': {'precision': 0.5, 'recall': 0.6666666666666666, 'f1-score': 0.5714285714285714, 'support': 6.0}, 'accuracy': 0.7777777777777778, 'macro avg': {'precision': 0.6973684210526316, 'recall': 0.7380952380952381, 'f1-score': 0.7107142857142856, 'support': 27.0}, 'weighted avg': {'precision': 0.8070175438596492, 'recall': 0.7777777777777778, 'f1-score': 0.788095238095238, 'support': 27.0}}
[2025-10-05 05:08:38,061][counterfactuals.pipelines.nodes.gen_model_nodes][INFO] - Creating generative model
[2025-10-05 05:08:38,116][counterfactuals.pipelines.nodes.gen_model_nodes][INFO] - Loading generative model (PyTorch Lightning)
[2025-10-05 05:08:38,118][counterfactuals.pipelines.nodes.gen_model_nodes][INFO] - Evaluating generative model
[2025-10-05 05:08:38,120][counterfactuals.pipelines.nodes.gen_model_nodes][INFO] - Evaluating generative model
[2025-10-05 05:08:38,166][counterfactuals.pipelines.nodes.gen_model_nodes][INFO] - Generative model evaluation results:
 train_ll: 0.0000, test_ll: 0.0000
[2025-10-05 05:08:38,210][__main__][INFO] - Filtering out target class data for counterfactual generation
[2025-10-05 05:08:38,211][__main__][INFO] - Creating counterfactual model
