[2025-10-05 08:54:58,381][__main__][INFO] - Initializing pipeline
[2025-10-05 08:54:58,383][counterfactuals.pipelines.nodes.helper_nodes][INFO] - Setting model paths
[2025-10-05 08:54:58,385][counterfactuals.pipelines.nodes.helper_nodes][INFO] - Creatied output folder C:\Users\julia\VSCode\hackyeah2025\machine_learning\models\DataModule
[2025-10-05 08:54:58,388][counterfactuals.pipelines.nodes.helper_nodes][INFO] - Created save folder C:\Users\julia\VSCode\hackyeah2025\machine_learning\models\DataModule\PPCEF
[2025-10-05 08:54:58,390][counterfactuals.pipelines.nodes.helper_nodes][INFO] - Disc model path: C:\Users\julia\VSCode\hackyeah2025\machine_learning\models\DataModule\disc_model_MLPClassifier.pt
[2025-10-05 08:54:58,390][counterfactuals.pipelines.nodes.helper_nodes][INFO] - Gen model path: C:\Users\julia\VSCode\hackyeah2025\machine_learning\models\DataModule\gen_model_EmeryturaModel_relabeled_by_MLPClassifier.pt
[2025-10-05 08:54:58,391][__main__][INFO] - Loading dataset
[2025-10-05 08:54:58,662][counterfactuals.pipelines.nodes.disc_model_nodes][INFO] - Creating discriminator model
[2025-10-05 08:54:58,745][counterfactuals.pipelines.nodes.disc_model_nodes][INFO] - Loading discriminator model (PyTorch Lightning)
[2025-10-05 08:55:00,247][counterfactuals.pipelines.nodes.disc_model_nodes][INFO] - Evaluating discriminator model
[2025-10-05 08:55:00,314][counterfactuals.pipelines.nodes.disc_model_nodes][INFO] - Discriminator model evaluation results:
 {'1': {'precision': 1.0, 'recall': 1.0, 'f1-score': 1.0, 'support': 2.0}, 'accuracy': 1.0, 'macro avg': {'precision': 1.0, 'recall': 1.0, 'f1-score': 1.0, 'support': 2.0}, 'weighted avg': {'precision': 1.0, 'recall': 1.0, 'f1-score': 1.0, 'support': 2.0}}
[2025-10-05 08:55:00,788][counterfactuals.pipelines.nodes.gen_model_nodes][INFO] - Creating generative model
[2025-10-05 08:55:00,862][counterfactuals.pipelines.nodes.gen_model_nodes][INFO] - Loading generative model (PyTorch Lightning)
[2025-10-05 08:55:00,863][counterfactuals.pipelines.nodes.gen_model_nodes][INFO] - Evaluating generative model
[2025-10-05 08:55:00,867][counterfactuals.pipelines.nodes.gen_model_nodes][INFO] - Evaluating generative model
[2025-10-05 08:55:00,972][counterfactuals.pipelines.nodes.gen_model_nodes][INFO] - Generative model evaluation results:
 train_ll: 0.0000, test_ll: 0.0000
[2025-10-05 08:55:01,011][__main__][INFO] - Filtering out target class data for counterfactual generation
[2025-10-05 08:55:01,012][__main__][INFO] - Creating counterfactual model
[2025-10-05 08:55:01,023][__main__][INFO] - Calculating log_prob_threshold
[2025-10-05 08:55:01,809][__main__][INFO] - log_prob_threshold: -29.4410
[2025-10-05 08:55:01,809][__main__][INFO] - Handling counterfactual generation
[2025-10-05 08:55:02,433][__main__][INFO] - Counterfactual search time: 0.6219 seconds
