[2025-10-05 05:29:08,751][__main__][INFO] - Initializing pipeline
[2025-10-05 05:29:08,752][counterfactuals.pipelines.nodes.helper_nodes][INFO] - Setting model paths
[2025-10-05 05:29:08,755][counterfactuals.pipelines.nodes.helper_nodes][INFO] - Creatied output folder C:\Users\julia\VSCode\hackyeah2025\machine_learning\models\DataModule
[2025-10-05 05:29:08,757][counterfactuals.pipelines.nodes.helper_nodes][INFO] - Created save folder C:\Users\julia\VSCode\hackyeah2025\machine_learning\models\DataModule\PPCEF
[2025-10-05 05:29:08,759][counterfactuals.pipelines.nodes.helper_nodes][INFO] - Disc model path: C:\Users\julia\VSCode\hackyeah2025\machine_learning\models\DataModule\disc_model_MLPClassifier.pt
[2025-10-05 05:29:08,760][counterfactuals.pipelines.nodes.helper_nodes][INFO] - Gen model path: C:\Users\julia\VSCode\hackyeah2025\machine_learning\models\DataModule\gen_model_EmeryturaModel_relabeled_by_MLPClassifier.pt
[2025-10-05 05:29:08,760][__main__][INFO] - Loading dataset
[2025-10-05 05:29:08,872][counterfactuals.pipelines.nodes.helper_nodes][INFO] - Setting model paths
[2025-10-05 05:29:08,873][counterfactuals.pipelines.nodes.helper_nodes][INFO] - Creatied output folder C:\Users\julia\VSCode\hackyeah2025\machine_learning\models\DataModule\fold_0
[2025-10-05 05:29:08,874][counterfactuals.pipelines.nodes.helper_nodes][INFO] - Created save folder C:\Users\julia\VSCode\hackyeah2025\machine_learning\models\DataModule\PPCEF\fold_0
[2025-10-05 05:29:08,874][counterfactuals.pipelines.nodes.helper_nodes][INFO] - Disc model path: C:\Users\julia\VSCode\hackyeah2025\machine_learning\models\DataModule\fold_0\disc_model_MLPClassifier.pt
[2025-10-05 05:29:08,875][counterfactuals.pipelines.nodes.helper_nodes][INFO] - Gen model path: C:\Users\julia\VSCode\hackyeah2025\machine_learning\models\DataModule\fold_0\gen_model_EmeryturaModel_relabeled_by_MLPClassifier.pt
[2025-10-05 05:29:08,875][counterfactuals.pipelines.nodes.disc_model_nodes][INFO] - Creating discriminator model
[2025-10-05 05:29:09,222][counterfactuals.pipelines.nodes.disc_model_nodes][INFO] - Loading discriminator model (PyTorch Lightning)
[2025-10-05 05:29:10,728][counterfactuals.pipelines.nodes.disc_model_nodes][INFO] - Evaluating discriminator model
[2025-10-05 05:29:10,787][counterfactuals.pipelines.nodes.disc_model_nodes][INFO] - Discriminator model evaluation results:
 {'0': {'precision': 0.045454545454545456, 'recall': 1.0, 'f1-score': 0.08695652173913043, 'support': 1.0}, '1': {'precision': 1.0, 'recall': 0.19230769230769232, 'f1-score': 0.3225806451612903, 'support': 26.0}, 'accuracy': 0.2222222222222222, 'macro avg': {'precision': 0.5227272727272727, 'recall': 0.5961538461538461, 'f1-score': 0.20476858345021037, 'support': 27.0}, 'weighted avg': {'precision': 0.9646464646464646, 'recall': 0.2222222222222222, 'f1-score': 0.3138538257752844, 'support': 27.0}}
[2025-10-05 05:29:10,851][counterfactuals.pipelines.nodes.gen_model_nodes][INFO] - Creating generative model
[2025-10-05 05:29:10,903][counterfactuals.pipelines.nodes.gen_model_nodes][INFO] - Loading generative model (PyTorch Lightning)
[2025-10-05 05:29:10,904][counterfactuals.pipelines.nodes.gen_model_nodes][INFO] - Evaluating generative model
[2025-10-05 05:29:10,905][counterfactuals.pipelines.nodes.gen_model_nodes][INFO] - Evaluating generative model
[2025-10-05 05:29:10,952][counterfactuals.pipelines.nodes.gen_model_nodes][INFO] - Generative model evaluation results:
 train_ll: 0.0000, test_ll: 0.0000
[2025-10-05 05:29:10,989][__main__][INFO] - Filtering out target class data for counterfactual generation
[2025-10-05 05:29:10,990][__main__][INFO] - Creating counterfactual model
