[2025-10-05 10:17:47,341][__main__][INFO] - Initializing pipeline
[2025-10-05 10:17:47,342][counterfactuals.pipelines.nodes.helper_nodes][INFO] - Setting model paths
[2025-10-05 10:17:47,343][counterfactuals.pipelines.nodes.helper_nodes][INFO] - Creatied output folder C:\Users\julia\VSCode\hackyeah2025\machine_learning\models\DataModule
[2025-10-05 10:17:47,344][counterfactuals.pipelines.nodes.helper_nodes][INFO] - Created save folder C:\Users\julia\VSCode\hackyeah2025\machine_learning\models\DataModule\PPCEF
[2025-10-05 10:17:47,345][counterfactuals.pipelines.nodes.helper_nodes][INFO] - Disc model path: C:\Users\julia\VSCode\hackyeah2025\machine_learning\models\DataModule\disc_model_MLPClassifier.pt
[2025-10-05 10:17:47,346][counterfactuals.pipelines.nodes.helper_nodes][INFO] - Gen model path: C:\Users\julia\VSCode\hackyeah2025\machine_learning\models\DataModule\gen_model_EmeryturaModel_relabeled_by_MLPClassifier.pt
[2025-10-05 10:17:47,347][__main__][INFO] - Loading dataset
[2025-10-05 10:17:47,584][counterfactuals.pipelines.nodes.helper_nodes][INFO] - Setting model paths
[2025-10-05 10:17:47,587][counterfactuals.pipelines.nodes.helper_nodes][INFO] - Creatied output folder C:\Users\julia\VSCode\hackyeah2025\machine_learning\models\DataModule\fold_0
[2025-10-05 10:17:47,588][counterfactuals.pipelines.nodes.helper_nodes][INFO] - Created save folder C:\Users\julia\VSCode\hackyeah2025\machine_learning\models\DataModule\PPCEF\fold_0
[2025-10-05 10:17:47,590][counterfactuals.pipelines.nodes.helper_nodes][INFO] - Disc model path: C:\Users\julia\VSCode\hackyeah2025\machine_learning\models\DataModule\fold_0\disc_model_MLPClassifier.pt
[2025-10-05 10:17:47,590][counterfactuals.pipelines.nodes.helper_nodes][INFO] - Gen model path: C:\Users\julia\VSCode\hackyeah2025\machine_learning\models\DataModule\fold_0\gen_model_EmeryturaModel_relabeled_by_MLPClassifier.pt
[2025-10-05 10:17:47,592][counterfactuals.pipelines.nodes.disc_model_nodes][INFO] - Creating discriminator model
[2025-10-05 10:17:47,999][counterfactuals.pipelines.nodes.disc_model_nodes][INFO] - Loading discriminator model (PyTorch Lightning)
[2025-10-05 10:17:49,574][counterfactuals.pipelines.nodes.disc_model_nodes][INFO] - Evaluating discriminator model
[2025-10-05 10:17:49,679][counterfactuals.pipelines.nodes.disc_model_nodes][INFO] - Discriminator model evaluation results:
 {'0': {'precision': 0.9272134709397066, 'recall': 0.5306185887472801, 'f1-score': 0.67497034400949, 'support': 3217.0}, '1': {'precision': 0.3006021306160259, 'recall': 0.8288633461047255, 'f1-score': 0.44119646498980286, 'support': 783.0}, 'accuracy': 0.589, 'macro avg': {'precision': 0.6139078007778662, 'recall': 0.6797409674260028, 'f1-score': 0.5580834044996464, 'support': 4000.0}, 'weighted avg': {'precision': 0.8045543010713461, 'recall': 0.589, 'f1-score': 0.6292091071913862, 'support': 4000.0}}
[2025-10-05 10:17:49,851][counterfactuals.pipelines.nodes.gen_model_nodes][INFO] - Creating generative model
[2025-10-05 10:17:49,929][counterfactuals.pipelines.nodes.gen_model_nodes][INFO] - Loading generative model (PyTorch Lightning)
[2025-10-05 10:17:49,931][counterfactuals.pipelines.nodes.gen_model_nodes][INFO] - Evaluating generative model
[2025-10-05 10:17:49,932][counterfactuals.pipelines.nodes.gen_model_nodes][INFO] - Evaluating generative model
[2025-10-05 10:17:56,108][counterfactuals.pipelines.nodes.gen_model_nodes][INFO] - Generative model evaluation results:
 train_ll: 0.0000, test_ll: 0.0000
[2025-10-05 10:18:01,128][__main__][INFO] - Filtering out target class data for counterfactual generation
[2025-10-05 10:18:01,129][__main__][INFO] - Creating counterfactual model
[2025-10-05 10:18:01,148][__main__][INFO] - Calculating log_prob_threshold
[2025-10-05 10:18:06,039][__main__][INFO] - log_prob_threshold: 0.0000
[2025-10-05 10:18:06,040][__main__][INFO] - Handling counterfactual generation
