[2025-10-05 07:24:48,099][__main__][INFO] - Initializing pipeline
[2025-10-05 07:24:48,100][counterfactuals.pipelines.nodes.helper_nodes][INFO] - Setting model paths
[2025-10-05 07:24:48,103][counterfactuals.pipelines.nodes.helper_nodes][INFO] - Creatied output folder C:\Users\julia\VSCode\hackyeah2025\machine_learning\models\DataModule
[2025-10-05 07:24:48,104][counterfactuals.pipelines.nodes.helper_nodes][INFO] - Created save folder C:\Users\julia\VSCode\hackyeah2025\machine_learning\models\DataModule\PPCEF
[2025-10-05 07:24:48,105][counterfactuals.pipelines.nodes.helper_nodes][INFO] - Disc model path: C:\Users\julia\VSCode\hackyeah2025\machine_learning\models\DataModule\disc_model_MLPClassifier.pt
[2025-10-05 07:24:48,107][counterfactuals.pipelines.nodes.helper_nodes][INFO] - Gen model path: C:\Users\julia\VSCode\hackyeah2025\machine_learning\models\DataModule\gen_model_EmeryturaModel_relabeled_by_MLPClassifier.pt
[2025-10-05 07:24:48,108][__main__][INFO] - Loading dataset
[2025-10-05 07:24:48,247][counterfactuals.pipelines.nodes.helper_nodes][INFO] - Setting model paths
[2025-10-05 07:24:48,249][counterfactuals.pipelines.nodes.helper_nodes][INFO] - Creatied output folder C:\Users\julia\VSCode\hackyeah2025\machine_learning\models\DataModule\fold_0
[2025-10-05 07:24:48,250][counterfactuals.pipelines.nodes.helper_nodes][INFO] - Created save folder C:\Users\julia\VSCode\hackyeah2025\machine_learning\models\DataModule\PPCEF\fold_0
[2025-10-05 07:24:48,252][counterfactuals.pipelines.nodes.helper_nodes][INFO] - Disc model path: C:\Users\julia\VSCode\hackyeah2025\machine_learning\models\DataModule\fold_0\disc_model_MLPClassifier.pt
[2025-10-05 07:24:48,252][counterfactuals.pipelines.nodes.helper_nodes][INFO] - Gen model path: C:\Users\julia\VSCode\hackyeah2025\machine_learning\models\DataModule\fold_0\gen_model_EmeryturaModel_relabeled_by_MLPClassifier.pt
[2025-10-05 07:24:48,253][counterfactuals.pipelines.nodes.disc_model_nodes][INFO] - Creating discriminator model
[2025-10-05 07:24:48,291][counterfactuals.pipelines.nodes.disc_model_nodes][INFO] - Loading discriminator model (PyTorch Lightning)
[2025-10-05 07:24:50,231][counterfactuals.pipelines.nodes.disc_model_nodes][INFO] - Evaluating discriminator model
[2025-10-05 07:24:50,339][counterfactuals.pipelines.nodes.disc_model_nodes][INFO] - Discriminator model evaluation results:
 {'0': {'precision': 0.8888888888888888, 'recall': 0.8888888888888888, 'f1-score': 0.8888888888888888, 'support': 9.0}, '1': {'precision': 0.9090909090909091, 'recall': 0.9090909090909091, 'f1-score': 0.9090909090909091, 'support': 11.0}, 'accuracy': 0.9, 'macro avg': {'precision': 0.898989898989899, 'recall': 0.898989898989899, 'f1-score': 0.898989898989899, 'support': 20.0}, 'weighted avg': {'precision': 0.9, 'recall': 0.9, 'f1-score': 0.9, 'support': 20.0}}
[2025-10-05 07:24:50,415][counterfactuals.pipelines.nodes.gen_model_nodes][INFO] - Creating generative model
[2025-10-05 07:24:50,476][counterfactuals.pipelines.nodes.gen_model_nodes][INFO] - Loading generative model (PyTorch Lightning)
[2025-10-05 07:24:50,478][counterfactuals.pipelines.nodes.gen_model_nodes][INFO] - Evaluating generative model
[2025-10-05 07:24:50,479][counterfactuals.pipelines.nodes.gen_model_nodes][INFO] - Evaluating generative model
[2025-10-05 07:24:50,567][counterfactuals.pipelines.nodes.gen_model_nodes][INFO] - Generative model evaluation results:
 train_ll: 0.0000, test_ll: 0.0000
[2025-10-05 07:24:50,598][__main__][INFO] - Filtering out target class data for counterfactual generation
[2025-10-05 07:24:50,599][__main__][INFO] - Creating counterfactual model
[2025-10-05 07:24:50,611][__main__][INFO] - Calculating log_prob_threshold
[2025-10-05 07:24:51,465][__main__][INFO] - log_prob_threshold: -29.4410
[2025-10-05 07:24:51,466][__main__][INFO] - Handling counterfactual generation
[2025-10-05 07:24:52,147][__main__][INFO] - Counterfactual search time: 0.6794 seconds
