[2025-10-05 05:12:24,027][__main__][INFO] - Initializing pipeline
[2025-10-05 05:12:24,028][counterfactuals.pipelines.nodes.helper_nodes][INFO] - Setting model paths
[2025-10-05 05:12:24,029][counterfactuals.pipelines.nodes.helper_nodes][INFO] - Creatied output folder C:\Users\julia\VSCode\hackyeah2025\machine_learning\models\DataModule
[2025-10-05 05:12:24,030][counterfactuals.pipelines.nodes.helper_nodes][INFO] - Created save folder C:\Users\julia\VSCode\hackyeah2025\machine_learning\models\DataModule\PPCEF
[2025-10-05 05:12:24,031][counterfactuals.pipelines.nodes.helper_nodes][INFO] - Disc model path: C:\Users\julia\VSCode\hackyeah2025\machine_learning\models\DataModule\disc_model_MLPClassifier.pt
[2025-10-05 05:12:24,031][counterfactuals.pipelines.nodes.helper_nodes][INFO] - Gen model path: C:\Users\julia\VSCode\hackyeah2025\machine_learning\models\DataModule\gen_model_EmeryturaModel_relabeled_by_MLPClassifier.pt
[2025-10-05 05:12:24,031][__main__][INFO] - Loading dataset
[2025-10-05 05:12:24,116][counterfactuals.pipelines.nodes.helper_nodes][INFO] - Setting model paths
[2025-10-05 05:12:24,117][counterfactuals.pipelines.nodes.helper_nodes][INFO] - Creatied output folder C:\Users\julia\VSCode\hackyeah2025\machine_learning\models\DataModule\fold_0
[2025-10-05 05:12:24,117][counterfactuals.pipelines.nodes.helper_nodes][INFO] - Created save folder C:\Users\julia\VSCode\hackyeah2025\machine_learning\models\DataModule\PPCEF\fold_0
[2025-10-05 05:12:24,118][counterfactuals.pipelines.nodes.helper_nodes][INFO] - Disc model path: C:\Users\julia\VSCode\hackyeah2025\machine_learning\models\DataModule\fold_0\disc_model_MLPClassifier.pt
[2025-10-05 05:12:24,119][counterfactuals.pipelines.nodes.helper_nodes][INFO] - Gen model path: C:\Users\julia\VSCode\hackyeah2025\machine_learning\models\DataModule\fold_0\gen_model_EmeryturaModel_relabeled_by_MLPClassifier.pt
[2025-10-05 05:12:24,119][counterfactuals.pipelines.nodes.disc_model_nodes][INFO] - Creating discriminator model
[2025-10-05 05:12:24,377][counterfactuals.pipelines.nodes.disc_model_nodes][INFO] - Loading discriminator model (PyTorch Lightning)
[2025-10-05 05:12:25,778][counterfactuals.pipelines.nodes.disc_model_nodes][INFO] - Evaluating discriminator model
[2025-10-05 05:12:25,858][counterfactuals.pipelines.nodes.disc_model_nodes][INFO] - Discriminator model evaluation results:
 {'0': {'precision': 0.10526315789473684, 'recall': 1.0, 'f1-score': 0.19047619047619047, 'support': 2.0}, '1': {'precision': 1.0, 'recall': 0.32, 'f1-score': 0.48484848484848486, 'support': 25.0}, 'accuracy': 0.37037037037037035, 'macro avg': {'precision': 0.5526315789473684, 'recall': 0.66, 'f1-score': 0.33766233766233766, 'support': 27.0}, 'weighted avg': {'precision': 0.9337231968810916, 'recall': 0.37037037037037035, 'f1-score': 0.4630431297097964, 'support': 27.0}}
[2025-10-05 05:12:25,942][counterfactuals.pipelines.nodes.gen_model_nodes][INFO] - Creating generative model
[2025-10-05 05:12:25,993][counterfactuals.pipelines.nodes.gen_model_nodes][INFO] - Loading generative model (PyTorch Lightning)
[2025-10-05 05:12:25,993][counterfactuals.pipelines.nodes.gen_model_nodes][INFO] - Evaluating generative model
[2025-10-05 05:12:25,994][counterfactuals.pipelines.nodes.gen_model_nodes][INFO] - Evaluating generative model
[2025-10-05 05:12:26,042][counterfactuals.pipelines.nodes.gen_model_nodes][INFO] - Generative model evaluation results:
 train_ll: 0.0000, test_ll: 0.0000
[2025-10-05 05:12:26,083][__main__][INFO] - Filtering out target class data for counterfactual generation
[2025-10-05 05:12:26,084][__main__][INFO] - Creating counterfactual model
