[2025-10-05 08:57:26,875][__main__][INFO] - Initializing pipeline
[2025-10-05 08:57:26,876][counterfactuals.pipelines.nodes.helper_nodes][INFO] - Setting model paths
[2025-10-05 08:57:26,880][counterfactuals.pipelines.nodes.helper_nodes][INFO] - Creatied output folder C:\Users\julia\VSCode\hackyeah2025\machine_learning\models\DataModule
[2025-10-05 08:57:26,882][counterfactuals.pipelines.nodes.helper_nodes][INFO] - Created save folder C:\Users\julia\VSCode\hackyeah2025\machine_learning\models\DataModule\PPCEF
[2025-10-05 08:57:26,883][counterfactuals.pipelines.nodes.helper_nodes][INFO] - Disc model path: C:\Users\julia\VSCode\hackyeah2025\machine_learning\models\DataModule\disc_model_MLPClassifier.pt
[2025-10-05 08:57:26,886][counterfactuals.pipelines.nodes.helper_nodes][INFO] - Gen model path: C:\Users\julia\VSCode\hackyeah2025\machine_learning\models\DataModule\gen_model_EmeryturaModel_relabeled_by_MLPClassifier.pt
[2025-10-05 08:57:26,887][__main__][INFO] - Loading dataset
[2025-10-05 08:57:28,025][counterfactuals.pipelines.nodes.disc_model_nodes][INFO] - Creating discriminator model
[2025-10-05 08:57:28,059][counterfactuals.pipelines.nodes.disc_model_nodes][INFO] - Loading discriminator model (PyTorch Lightning)
[2025-10-05 08:57:29,581][counterfactuals.pipelines.nodes.disc_model_nodes][INFO] - Evaluating discriminator model
[2025-10-05 08:57:29,645][counterfactuals.pipelines.nodes.disc_model_nodes][INFO] - Discriminator model evaluation results:
 {'1': {'precision': 1.0, 'recall': 1.0, 'f1-score': 1.0, 'support': 2.0}, 'accuracy': 1.0, 'macro avg': {'precision': 1.0, 'recall': 1.0, 'f1-score': 1.0, 'support': 2.0}, 'weighted avg': {'precision': 1.0, 'recall': 1.0, 'f1-score': 1.0, 'support': 2.0}}
[2025-10-05 08:57:30,073][counterfactuals.pipelines.nodes.gen_model_nodes][INFO] - Creating generative model
[2025-10-05 08:57:30,130][counterfactuals.pipelines.nodes.gen_model_nodes][INFO] - Loading generative model (PyTorch Lightning)
[2025-10-05 08:57:30,131][counterfactuals.pipelines.nodes.gen_model_nodes][INFO] - Evaluating generative model
[2025-10-05 08:57:30,132][counterfactuals.pipelines.nodes.gen_model_nodes][INFO] - Evaluating generative model
[2025-10-05 08:57:30,166][counterfactuals.pipelines.nodes.gen_model_nodes][INFO] - Generative model evaluation results:
 train_ll: 0.0000, test_ll: 0.0000
[2025-10-05 08:57:30,195][__main__][INFO] - Filtering out target class data for counterfactual generation
[2025-10-05 08:57:30,196][__main__][INFO] - Creating counterfactual model
[2025-10-05 08:57:30,204][__main__][INFO] - Calculating log_prob_threshold
[2025-10-05 08:57:30,964][__main__][INFO] - log_prob_threshold: -29.4410
[2025-10-05 08:57:30,964][__main__][INFO] - Handling counterfactual generation
[2025-10-05 08:57:31,423][__main__][INFO] - Counterfactual search time: 0.4577 seconds
