[2025-10-05 07:26:48,812][__main__][INFO] - Initializing pipeline
[2025-10-05 07:26:48,814][counterfactuals.pipelines.nodes.helper_nodes][INFO] - Setting model paths
[2025-10-05 07:26:48,818][counterfactuals.pipelines.nodes.helper_nodes][INFO] - Creatied output folder C:\Users\julia\VSCode\hackyeah2025\machine_learning\models\DataModule
[2025-10-05 07:26:48,820][counterfactuals.pipelines.nodes.helper_nodes][INFO] - Created save folder C:\Users\julia\VSCode\hackyeah2025\machine_learning\models\DataModule\PPCEF
[2025-10-05 07:26:48,821][counterfactuals.pipelines.nodes.helper_nodes][INFO] - Disc model path: C:\Users\julia\VSCode\hackyeah2025\machine_learning\models\DataModule\disc_model_MLPClassifier.pt
[2025-10-05 07:26:48,824][counterfactuals.pipelines.nodes.helper_nodes][INFO] - Gen model path: C:\Users\julia\VSCode\hackyeah2025\machine_learning\models\DataModule\gen_model_EmeryturaModel_relabeled_by_MLPClassifier.pt
[2025-10-05 07:26:48,825][__main__][INFO] - Loading dataset
[2025-10-05 07:26:48,957][counterfactuals.pipelines.nodes.helper_nodes][INFO] - Setting model paths
[2025-10-05 07:26:48,960][counterfactuals.pipelines.nodes.helper_nodes][INFO] - Creatied output folder C:\Users\julia\VSCode\hackyeah2025\machine_learning\models\DataModule\fold_0
[2025-10-05 07:26:48,962][counterfactuals.pipelines.nodes.helper_nodes][INFO] - Created save folder C:\Users\julia\VSCode\hackyeah2025\machine_learning\models\DataModule\PPCEF\fold_0
[2025-10-05 07:26:48,963][counterfactuals.pipelines.nodes.helper_nodes][INFO] - Disc model path: C:\Users\julia\VSCode\hackyeah2025\machine_learning\models\DataModule\fold_0\disc_model_MLPClassifier.pt
[2025-10-05 07:26:48,964][counterfactuals.pipelines.nodes.helper_nodes][INFO] - Gen model path: C:\Users\julia\VSCode\hackyeah2025\machine_learning\models\DataModule\fold_0\gen_model_EmeryturaModel_relabeled_by_MLPClassifier.pt
[2025-10-05 07:26:48,965][counterfactuals.pipelines.nodes.disc_model_nodes][INFO] - Creating discriminator model
[2025-10-05 07:26:48,999][counterfactuals.pipelines.nodes.disc_model_nodes][INFO] - Loading discriminator model (PyTorch Lightning)
[2025-10-05 07:26:50,932][counterfactuals.pipelines.nodes.disc_model_nodes][INFO] - Evaluating discriminator model
[2025-10-05 07:26:51,014][counterfactuals.pipelines.nodes.disc_model_nodes][INFO] - Discriminator model evaluation results:
 {'0': {'precision': 0.8888888888888888, 'recall': 0.8888888888888888, 'f1-score': 0.8888888888888888, 'support': 9.0}, '1': {'precision': 0.9090909090909091, 'recall': 0.9090909090909091, 'f1-score': 0.9090909090909091, 'support': 11.0}, 'accuracy': 0.9, 'macro avg': {'precision': 0.898989898989899, 'recall': 0.898989898989899, 'f1-score': 0.898989898989899, 'support': 20.0}, 'weighted avg': {'precision': 0.9, 'recall': 0.9, 'f1-score': 0.9, 'support': 20.0}}
[2025-10-05 07:26:51,085][counterfactuals.pipelines.nodes.gen_model_nodes][INFO] - Creating generative model
[2025-10-05 07:26:51,144][counterfactuals.pipelines.nodes.gen_model_nodes][INFO] - Loading generative model (PyTorch Lightning)
[2025-10-05 07:26:51,145][counterfactuals.pipelines.nodes.gen_model_nodes][INFO] - Evaluating generative model
[2025-10-05 07:26:51,148][counterfactuals.pipelines.nodes.gen_model_nodes][INFO] - Evaluating generative model
[2025-10-05 07:26:51,186][counterfactuals.pipelines.nodes.gen_model_nodes][INFO] - Generative model evaluation results:
 train_ll: 0.0000, test_ll: 0.0000
[2025-10-05 07:26:51,221][__main__][INFO] - Filtering out target class data for counterfactual generation
[2025-10-05 07:26:51,222][__main__][INFO] - Creating counterfactual model
[2025-10-05 07:26:51,232][__main__][INFO] - Calculating log_prob_threshold
[2025-10-05 07:26:51,970][__main__][INFO] - log_prob_threshold: -29.4410
[2025-10-05 07:26:51,971][__main__][INFO] - Handling counterfactual generation
[2025-10-05 07:26:52,386][__main__][INFO] - Counterfactual search time: 0.4142 seconds
